#
# A fatal error has been detected by the Java Runtime Environment:
#
#  EXCEPTION_ACCESS_VIOLATION (0xc0000005) at pc=0x00007fffdc7c13d7, pid=1928, tid=6628
#
# JRE version: OpenJDK Runtime Environment Corretto-11.0.15.9.1 (11.0.15+9) (build 11.0.15+9-LTS)
# Java VM: OpenJDK 64-Bit Server VM Corretto-11.0.15.9.1 (11.0.15+9-LTS, mixed mode, tiered, compressed oops, g1 gc, windows-amd64)
# Problematic frame:
# V  [jvm.dll+0x6f13d7]
#
# No core dump will be written. Minidumps are not enabled by default on client versions of Windows
#
# If you would like to submit a bug report, please visit:
#   https://github.com/corretto/corretto-11/issues/
#

---------------  S U M M A R Y ------------

Command Line: -agentlib:jdwp=transport=dt_socket,address=127.0.0.1:50363,suspend=y,server=n -Dfile.encoding=UTF-8 Main

Host: Intel(R) Core(TM)2 Duo CPU     T8300  @ 2.40GHz, 2 cores, 3G,  Windows 10 , 64 bit Build 19041 (10.0.19041.1889)
Time: Fri Aug 12 03:42:42 2022 RTZ 2 (s 10 , 64 bit Build 19041 (10.0.19041.1889) elapsed time: 1066.508455 seconds (0d 0h 17m 46s)

---------------  T H R E A D  ---------------

Current thread (0x000001ca63876000):  JavaThread "main" [_thread_in_vm, id=6628, stack(0x00000051d9300000,0x00000051d9400000)]

Stack: [0x00000051d9300000,0x00000051d9400000],  sp=0x00000051d93feea0,  free space=1019k
Native frames: (J=compiled Java code, j=interpreted, Vv=VM code, C=native code)
V  [jvm.dll+0x6f13d7]
V  [jvm.dll+0x2d2e10]
V  [jvm.dll+0x377a62]
V  [jvm.dll+0x377228]
C  0x000001ca6c029eeb

Java frames: (J=compiled Java code, j=interpreted, Vv=VM code)
j  manager.InMemoryHistoryManager.addHistory(Ltask/Task;)V+90
j  manager.InMemoryTaskManager.getTaskByID(I)Ltask/Task;+20
j  Main.main([Ljava/lang/String;)V+235
v  ~StubRoutines::call_stub

siginfo: EXCEPTION_ACCESS_VIOLATION (0xc0000005), reading address 0x0000000000000006


Register to memory mapping:

RIP=0x00007fffdc7c13d7 jvm.dll
RAX=0x0 is NULL
RBX=0x00000051d93fef00 is pointing into the stack for thread: 0x000001ca63876000
RCX=0x00000051d93fef00 is pointing into the stack for thread: 0x000001ca63876000
RDX=0x0 is NULL
RSP=0x00000051d93feea0 is pointing into the stack for thread: 0x000001ca63876000
RBP=0x00000051d93ff040 is pointing into the stack for thread: 0x000001ca63876000
RSI=0x000001ca63876000 is a thread
RDI={method} {0x000001ca00419ab0} 'addHistory' '(Ltask/Task;)V' in 'manager/InMemoryHistoryManager'
R8 =0x0 is NULL
R9 =0x000001ca0041aac0 is pointing into metadata
R10=0x000001ca6c000000 points into unknown readable memory: 0x0000000000000006 | 06 00 00 00 00 00 00 00
R11={method} {0x000001ca0026f6d8} 'remove' '(I)Ljava/lang/Object;' in 'java/util/ArrayList'
R12=0x000001ca63876670 points into unknown readable memory: 0x0000000000000000 | 00 00 00 00 00 00 00 00
R13=0x00000000000000b6 is an unknown value
R14=0x000001ca63876680 points into unknown readable memory: 0x0000000a00000001 | 01 00 00 00 0a 00 00 00
R15=0x0 is NULL


Registers:
RAX=0x0000000000000000, RBX=0x00000051d93fef00, RCX=0x00000051d93fef00, RDX=0x0000000000000000
RSP=0x00000051d93feea0, RBP=0x00000051d93ff040, RSI=0x000001ca63876000, RDI=0x000001ca00419aa8
R8 =0x0000000000000000, R9 =0x000001ca0041aac0, R10=0x000001ca6c000000, R11=0x000001ca0026f6d0
R12=0x000001ca63876670, R13=0x00000000000000b6, R14=0x000001ca63876680, R15=0x0000000000000000
RIP=0x00007fffdc7c13d7, EFLAGS=0x0000000000010246

Top of Stack: (sp=0x00000051d93feea0)
0x00000051d93feea0:   0000000000481000 00007fffdc3a477f
0x00000051d93feeb0:   000001ca63876000 00007fffdc5a7409
0x00000051d93feec0:   0000000000000008 0000000000000000
0x00000051d93feed0:   00000051d93fef90 00007fffdc3a2e10
0x00000051d93feee0:   00000051d93ff020 000001ca63876000
0x00000051d93feef0:   000001ca63876000 00007fffdc252479
0x00000051d93fef00:   00007fffdc94f788 0000000000000000
0x00000051d93fef10:   0000000000000000 000001ca00000063
0x00000051d93fef20:   0000000063870000 00007fffdc5a761d
0x00000051d93fef30:   000001ca61edaed0 00007fffdc447a62
0x00000051d93fef40:   000001ca61edaed0 000001ca63876000
0x00000051d93fef50:   00000051d93fef80 00000051d93ff020
0x00000051d93fef60:   000001ca63876000 00007fffdc252479
0x00000051d93fef70:   000001ca00419aa8 000001ca63876000
0x00000051d93fef80:   000001ca63876a58 000001ca008a8510
0x00000051d93fef90:   00000051d93ff1c8 000001ca6c029e92 

Instructions: (pc=0x00007fffdc7c13d7)
0x00007fffdc7c12d7:   ff 8b 43 10 48 8b 53 08 8d 48 01 48 98 89 4b 10
0x00007fffdc7c12e7:   80 7c 10 07 29 74 1e 66 90 48 8b cb e8 a8 07 00
0x00007fffdc7c12f7:   00 01 43 14 48 63 4b 10 48 8b 53 08 80 7c 11 06
0x00007fffdc7c1307:   29 75 e6 eb 04 48 8b 53 08 48 63 c1 80 7c 10 06
0x00007fffdc7c1317:   29 74 2e 4c 8d 0d 3f 63 22 00 c7 44 24 20 29 00
0x00007fffdc7c1327:   00 00 41 b8 35 00 00 00 48 8d 15 3a 63 22 00 b9
0x00007fffdc7c1337:   00 00 00 e0 e8 30 e3 b5 ff e8 1b 56 f2 ff 8b 4b
0x00007fffdc7c1347:   10 8d 41 01 c7 43 14 ff ff ff ff 48 8b cb 89 43
0x00007fffdc7c1357:   10 e8 43 07 00 00 48 8b 43 08 0f b7 08 39 4b 10
0x00007fffdc7c1367:   7d 3a 48 8b 0d 10 25 3d 00 48 8d 15 29 63 22 00
0x00007fffdc7c1377:   e8 f4 f5 f2 ff 48 8b 15 fd 24 3d 00 48 8b 4b 08
0x00007fffdc7c1387:   e8 94 85 04 00 44 8b 43 10 48 8d 15 8d 3b 1b 00
0x00007fffdc7c1397:   48 8b 0d e2 24 3d 00 e8 cd f5 f2 ff 89 7b 14 48
0x00007fffdc7c13a7:   8b 5c 24 40 48 83 c4 30 5f c3 cc cc cc cc cc cc
0x00007fffdc7c13b7:   cc cc cc cc cc cc cc cc cc 40 53 48 83 ec 30 48
0x00007fffdc7c13c7:   8b 51 08 33 c0 48 c7 41 10 00 00 00 00 48 8b d9
0x00007fffdc7c13d7:   80 7a 06 28 74 30 4c 8d 0d 7c 62 22 00 c7 44 24
0x00007fffdc7c13e7:   20 28 00 00 00 44 8d 40 35 b9 00 00 00 e0 48 8d
0x00007fffdc7c13f7:   15 74 62 22 00 e8 6f e2 b5 ff e8 5a 55 f2 ff 8b
0x00007fffdc7c1407:   43 10 48 8b 53 08 8d 48 01 48 98 89 4b 10 80 7c
0x00007fffdc7c1417:   10 07 29 74 20 0f 1f 40 00 48 8b cb e8 78 06 00
0x00007fffdc7c1427:   00 01 43 14 48 63 4b 10 48 8b 53 08 80 7c 11 06
0x00007fffdc7c1437:   29 75 e6 eb 04 48 8b 53 08 48 63 c1 80 7c 10 06
0x00007fffdc7c1447:   29 74 2e 4c 8d 0d 0f 62 22 00 c7 44 24 20 29 00
0x00007fffdc7c1457:   00 00 41 b8 35 00 00 00 48 8d 15 0a 62 22 00 b9
0x00007fffdc7c1467:   00 00 00 e0 e8 00 e2 b5 ff e8 eb 54 f2 ff 8b 4b
0x00007fffdc7c1477:   10 8d 41 01 c7 43 14 00 00 00 00 89 43 10 48 83
0x00007fffdc7c1487:   c4 30 5b c3 cc cc cc cc cc 48 89 5c 24 08 48 89
0x00007fffdc7c1497:   6c 24 10 48 89 74 24 18 57 48 83 ec 30 33 ed 48
0x00007fffdc7c14a7:   8b fa 89 69 14 48 8b d9 48 8b f2 48 83 fa ff 0f
0x00007fffdc7c14b7:   85 ca 00 00 00 48 8b 51 08 8b c5 89 69 10 80 7a
0x00007fffdc7c14c7:   06 28 74 30 4c 8d 0d 8e 61 22 00 c7 44 24 20 28 


Stack slot to memory mapping:
stack at sp + 0 slots: 0x0000000000481000 is an unknown value
stack at sp + 1 slots: 0x00007fffdc3a477f jvm.dll
stack at sp + 2 slots: 0x000001ca63876000 is a thread
stack at sp + 3 slots: 0x00007fffdc5a7409 jvm.dll
stack at sp + 4 slots: 0x0000000000000008 is an unknown value
stack at sp + 5 slots: 0x0 is NULL
stack at sp + 6 slots: 0x00000051d93fef90 is pointing into the stack for thread: 0x000001ca63876000
stack at sp + 7 slots: 0x00007fffdc3a2e10 jvm.dll


---------------  P R O C E S S  ---------------

Threads class SMR info:
_java_thread_list=0x000001ca00995eb0, length=11, elements={
0x000001ca63876000, 0x000001ca7fd76800, 0x000001ca7fd77800, 0x000001ca7fdd6000,
0x000001ca7fdd8000, 0x000001ca7fddb800, 0x000001ca7fddd800, 0x000001ca00830000,
0x000001ca00835000, 0x000001ca00943000, 0x000001ca0097b800
}

Java Threads: ( => current thread )
=>0x000001ca63876000 JavaThread "main" [_thread_in_vm, id=6628, stack(0x00000051d9300000,0x00000051d9400000)]
  0x000001ca7fd76800 JavaThread "Reference Handler" daemon [_thread_blocked, id=6088, stack(0x00000051d9b00000,0x00000051d9c00000)]
  0x000001ca7fd77800 JavaThread "Finalizer" daemon [_thread_blocked, id=4176, stack(0x00000051d9c00000,0x00000051d9d00000)]
  0x000001ca7fdd6000 JavaThread "Signal Dispatcher" daemon [_thread_blocked, id=5312, stack(0x00000051d9d00000,0x00000051d9e00000)]
  0x000001ca7fdd8000 JavaThread "Attach Listener" daemon [_thread_blocked, id=10984, stack(0x00000051d9e00000,0x00000051d9f00000)]
  0x000001ca7fddb800 JavaThread "Service Thread" daemon [_thread_blocked, id=8216, stack(0x00000051d9f00000,0x00000051da000000)]
  0x000001ca7fddd800 JavaThread "C2 CompilerThread0" daemon [_thread_blocked, id=7532, stack(0x00000051da000000,0x00000051da100000)]
  0x000001ca00830000 JavaThread "C1 CompilerThread0" daemon [_thread_blocked, id=9128, stack(0x00000051da100000,0x00000051da200000)]
  0x000001ca00835000 JavaThread "Sweeper thread" daemon [_thread_blocked, id=8324, stack(0x00000051da200000,0x00000051da300000)]
  0x000001ca00943000 JavaThread "JDWP Event Helper Thread" daemon [_thread_blocked, id=7224, stack(0x00000051da400000,0x00000051da500000)]
  0x000001ca0097b800 JavaThread "Common-Cleaner" daemon [_thread_blocked, id=6212, stack(0x00000051da700000,0x00000051da800000)]

Other Threads:
  0x000001ca7fd53000 VMThread "VM Thread" [stack: 0x00000051d9a00000,0x00000051d9b00000] [id=4492]
  0x000001ca0096c800 WatcherThread [stack: 0x00000051da600000,0x00000051da700000] [id=6772]
  0x000001ca6388f000 GCTaskThread "GC Thread#0" [stack: 0x00000051d9500000,0x00000051d9600000] [id=1648]
  0x000001ca638aa800 ConcurrentGCThread "G1 Main Marker" [stack: 0x00000051d9600000,0x00000051d9700000] [id=9584]
  0x000001ca638af000 ConcurrentGCThread "G1 Conc#0" [stack: 0x00000051d9700000,0x00000051d9800000] [id=6580]
  0x000001ca638fb800 ConcurrentGCThread "G1 Refine#0" [stack: 0x00000051d9800000,0x00000051d9900000] [id=10080]
  0x000001ca638fd000 ConcurrentGCThread "G1 Young RemSet Sampling" [stack: 0x00000051d9900000,0x00000051d9a00000] [id=10400]

Threads with active compile tasks:

VM state:not at safepoint (normal execution)

VM Mutex/Monitor currently owned by a thread: None

Heap address: 0x00000000c0800000, size: 1016 MB, Compressed Oops mode: 32-bit
Narrow klass base: 0x0000000000000000, Narrow klass shift: 3
Compressed class space size: 1073741824 Address: 0x0000000100000000

Heap:
 garbage-first heap   total 65536K, used 5120K [0x00000000c0800000, 0x0000000100000000)
  region size 1024K, 6 young (6144K), 0 survivors (0K)
 Metaspace       used 6387K, capacity 6645K, committed 6912K, reserved 1056768K
  class space    used 595K, capacity 711K, committed 768K, reserved 1048576K
Heap Regions: E=young(eden), S=young(survivor), O=old, HS=humongous(starts), HC=humongous(continues), CS=collection set, F=free, A=archive, TAMS=top-at-mark-start (previous, next)
|   0|0x00000000c0800000, 0x00000000c0800000, 0x00000000c0900000|  0%| F|  |TAMS 0x00000000c0800000, 0x00000000c0800000| Untracked 
|   1|0x00000000c0900000, 0x00000000c0900000, 0x00000000c0a00000|  0%| F|  |TAMS 0x00000000c0900000, 0x00000000c0900000| Untracked 
|   2|0x00000000c0a00000, 0x00000000c0a00000, 0x00000000c0b00000|  0%| F|  |TAMS 0x00000000c0a00000, 0x00000000c0a00000| Untracked 
|   3|0x00000000c0b00000, 0x00000000c0b00000, 0x00000000c0c00000|  0%| F|  |TAMS 0x00000000c0b00000, 0x00000000c0b00000| Untracked 
|   4|0x00000000c0c00000, 0x00000000c0c00000, 0x00000000c0d00000|  0%| F|  |TAMS 0x00000000c0c00000, 0x00000000c0c00000| Untracked 
|   5|0x00000000c0d00000, 0x00000000c0d00000, 0x00000000c0e00000|  0%| F|  |TAMS 0x00000000c0d00000, 0x00000000c0d00000| Untracked 
|   6|0x00000000c0e00000, 0x00000000c0e00000, 0x00000000c0f00000|  0%| F|  |TAMS 0x00000000c0e00000, 0x00000000c0e00000| Untracked 
|   7|0x00000000c0f00000, 0x00000000c0f00000, 0x00000000c1000000|  0%| F|  |TAMS 0x00000000c0f00000, 0x00000000c0f00000| Untracked 
|   8|0x00000000c1000000, 0x00000000c1000000, 0x00000000c1100000|  0%| F|  |TAMS 0x00000000c1000000, 0x00000000c1000000| Untracked 
|   9|0x00000000c1100000, 0x00000000c1100000, 0x00000000c1200000|  0%| F|  |TAMS 0x00000000c1100000, 0x00000000c1100000| Untracked 
|  10|0x00000000c1200000, 0x00000000c1200000, 0x00000000c1300000|  0%| F|  |TAMS 0x00000000c1200000, 0x00000000c1200000| Untracked 
|  11|0x00000000c1300000, 0x00000000c1300000, 0x00000000c1400000|  0%| F|  |TAMS 0x00000000c1300000, 0x00000000c1300000| Untracked 
|  12|0x00000000c1400000, 0x00000000c1400000, 0x00000000c1500000|  0%| F|  |TAMS 0x00000000c1400000, 0x00000000c1400000| Untracked 
|  13|0x00000000c1500000, 0x00000000c1500000, 0x00000000c1600000|  0%| F|  |TAMS 0x00000000c1500000, 0x00000000c1500000| Untracked 
|  14|0x00000000c1600000, 0x00000000c1600000, 0x00000000c1700000|  0%| F|  |TAMS 0x00000000c1600000, 0x00000000c1600000| Untracked 
|  15|0x00000000c1700000, 0x00000000c1700000, 0x00000000c1800000|  0%| F|  |TAMS 0x00000000c1700000, 0x00000000c1700000| Untracked 
|  16|0x00000000c1800000, 0x00000000c1800000, 0x00000000c1900000|  0%| F|  |TAMS 0x00000000c1800000, 0x00000000c1800000| Untracked 
|  17|0x00000000c1900000, 0x00000000c1900000, 0x00000000c1a00000|  0%| F|  |TAMS 0x00000000c1900000, 0x00000000c1900000| Untracked 
|  18|0x00000000c1a00000, 0x00000000c1a00000, 0x00000000c1b00000|  0%| F|  |TAMS 0x00000000c1a00000, 0x00000000c1a00000| Untracked 
|  19|0x00000000c1b00000, 0x00000000c1b00000, 0x00000000c1c00000|  0%| F|  |TAMS 0x00000000c1b00000, 0x00000000c1b00000| Untracked 
|  20|0x00000000c1c00000, 0x00000000c1c00000, 0x00000000c1d00000|  0%| F|  |TAMS 0x00000000c1c00000, 0x00000000c1c00000| Untracked 
|  21|0x00000000c1d00000, 0x00000000c1d00000, 0x00000000c1e00000|  0%| F|  |TAMS 0x00000000c1d00000, 0x00000000c1d00000| Untracked 
|  22|0x00000000c1e00000, 0x00000000c1e00000, 0x00000000c1f00000|  0%| F|  |TAMS 0x00000000c1e00000, 0x00000000c1e00000| Untracked 
|  23|0x00000000c1f00000, 0x00000000c1f00000, 0x00000000c2000000|  0%| F|  |TAMS 0x00000000c1f00000, 0x00000000c1f00000| Untracked 
|  24|0x00000000c2000000, 0x00000000c2000000, 0x00000000c2100000|  0%| F|  |TAMS 0x00000000c2000000, 0x00000000c2000000| Untracked 
|  25|0x00000000c2100000, 0x00000000c2100000, 0x00000000c2200000|  0%| F|  |TAMS 0x00000000c2100000, 0x00000000c2100000| Untracked 
|  26|0x00000000c2200000, 0x00000000c2200000, 0x00000000c2300000|  0%| F|  |TAMS 0x00000000c2200000, 0x00000000c2200000| Untracked 
|  27|0x00000000c2300000, 0x00000000c2300000, 0x00000000c2400000|  0%| F|  |TAMS 0x00000000c2300000, 0x00000000c2300000| Untracked 
|  28|0x00000000c2400000, 0x00000000c2400000, 0x00000000c2500000|  0%| F|  |TAMS 0x00000000c2400000, 0x00000000c2400000| Untracked 
|  29|0x00000000c2500000, 0x00000000c2500000, 0x00000000c2600000|  0%| F|  |TAMS 0x00000000c2500000, 0x00000000c2500000| Untracked 
|  30|0x00000000c2600000, 0x00000000c2600000, 0x00000000c2700000|  0%| F|  |TAMS 0x00000000c2600000, 0x00000000c2600000| Untracked 
|  31|0x00000000c2700000, 0x00000000c2700000, 0x00000000c2800000|  0%| F|  |TAMS 0x00000000c2700000, 0x00000000c2700000| Untracked 
|  32|0x00000000c2800000, 0x00000000c2800000, 0x00000000c2900000|  0%| F|  |TAMS 0x00000000c2800000, 0x00000000c2800000| Untracked 
|  33|0x00000000c2900000, 0x00000000c2900000, 0x00000000c2a00000|  0%| F|  |TAMS 0x00000000c2900000, 0x00000000c2900000| Untracked 
|  34|0x00000000c2a00000, 0x00000000c2a00000, 0x00000000c2b00000|  0%| F|  |TAMS 0x00000000c2a00000, 0x00000000c2a00000| Untracked 
|  35|0x00000000c2b00000, 0x00000000c2b00000, 0x00000000c2c00000|  0%| F|  |TAMS 0x00000000c2b00000, 0x00000000c2b00000| Untracked 
|  36|0x00000000c2c00000, 0x00000000c2c00000, 0x00000000c2d00000|  0%| F|  |TAMS 0x00000000c2c00000, 0x00000000c2c00000| Untracked 
|  37|0x00000000c2d00000, 0x00000000c2d00000, 0x00000000c2e00000|  0%| F|  |TAMS 0x00000000c2d00000, 0x00000000c2d00000| Untracked 
|  38|0x00000000c2e00000, 0x00000000c2e00000, 0x00000000c2f00000|  0%| F|  |TAMS 0x00000000c2e00000, 0x00000000c2e00000| Untracked 
|  39|0x00000000c2f00000, 0x00000000c2f00000, 0x00000000c3000000|  0%| F|  |TAMS 0x00000000c2f00000, 0x00000000c2f00000| Untracked 
|  40|0x00000000c3000000, 0x00000000c3000000, 0x00000000c3100000|  0%| F|  |TAMS 0x00000000c3000000, 0x00000000c3000000| Untracked 
|  41|0x00000000c3100000, 0x00000000c3100000, 0x00000000c3200000|  0%| F|  |TAMS 0x00000000c3100000, 0x00000000c3100000| Untracked 
|  42|0x00000000c3200000, 0x00000000c3200000, 0x00000000c3300000|  0%| F|  |TAMS 0x00000000c3200000, 0x00000000c3200000| Untracked 
|  43|0x00000000c3300000, 0x00000000c3300000, 0x00000000c3400000|  0%| F|  |TAMS 0x00000000c3300000, 0x00000000c3300000| Untracked 
|  44|0x00000000c3400000, 0x00000000c3400000, 0x00000000c3500000|  0%| F|  |TAMS 0x00000000c3400000, 0x00000000c3400000| Untracked 
|  45|0x00000000c3500000, 0x00000000c3500000, 0x00000000c3600000|  0%| F|  |TAMS 0x00000000c3500000, 0x00000000c3500000| Untracked 
|  46|0x00000000c3600000, 0x00000000c3600000, 0x00000000c3700000|  0%| F|  |TAMS 0x00000000c3600000, 0x00000000c3600000| Untracked 
|  47|0x00000000c3700000, 0x00000000c3700000, 0x00000000c3800000|  0%| F|  |TAMS 0x00000000c3700000, 0x00000000c3700000| Untracked 
|  48|0x00000000c3800000, 0x00000000c3800000, 0x00000000c3900000|  0%| F|  |TAMS 0x00000000c3800000, 0x00000000c3800000| Untracked 
|  49|0x00000000c3900000, 0x00000000c3900000, 0x00000000c3a00000|  0%| F|  |TAMS 0x00000000c3900000, 0x00000000c3900000| Untracked 
|  50|0x00000000c3a00000, 0x00000000c3a00000, 0x00000000c3b00000|  0%| F|  |TAMS 0x00000000c3a00000, 0x00000000c3a00000| Untracked 
|  51|0x00000000c3b00000, 0x00000000c3b00000, 0x00000000c3c00000|  0%| F|  |TAMS 0x00000000c3b00000, 0x00000000c3b00000| Untracked 
|  52|0x00000000c3c00000, 0x00000000c3c00000, 0x00000000c3d00000|  0%| F|  |TAMS 0x00000000c3c00000, 0x00000000c3c00000| Untracked 
|  53|0x00000000c3d00000, 0x00000000c3d00000, 0x00000000c3e00000|  0%| F|  |TAMS 0x00000000c3d00000, 0x00000000c3d00000| Untracked 
|  54|0x00000000c3e00000, 0x00000000c3e00000, 0x00000000c3f00000|  0%| F|  |TAMS 0x00000000c3e00000, 0x00000000c3e00000| Untracked 
|  55|0x00000000c3f00000, 0x00000000c3f00000, 0x00000000c4000000|  0%| F|  |TAMS 0x00000000c3f00000, 0x00000000c3f00000| Untracked 
|  56|0x00000000c4000000, 0x00000000c4000000, 0x00000000c4100000|  0%| F|  |TAMS 0x00000000c4000000, 0x00000000c4000000| Untracked 
|  57|0x00000000c4100000, 0x00000000c4100000, 0x00000000c4200000|  0%| F|  |TAMS 0x00000000c4100000, 0x00000000c4100000| Untracked 
|  58|0x00000000c4200000, 0x00000000c426c508, 0x00000000c4300000| 42%| E|  |TAMS 0x00000000c4200000, 0x00000000c4200000| Complete 
|  59|0x00000000c4300000, 0x00000000c4400000, 0x00000000c4400000|100%| E|CS|TAMS 0x00000000c4300000, 0x00000000c4300000| Complete 
|  60|0x00000000c4400000, 0x00000000c4500000, 0x00000000c4500000|100%| E|CS|TAMS 0x00000000c4400000, 0x00000000c4400000| Complete 
|  61|0x00000000c4500000, 0x00000000c4600000, 0x00000000c4600000|100%| E|CS|TAMS 0x00000000c4500000, 0x00000000c4500000| Complete 
|  62|0x00000000c4600000, 0x00000000c4700000, 0x00000000c4700000|100%| E|CS|TAMS 0x00000000c4600000, 0x00000000c4600000| Complete 
|  63|0x00000000c4700000, 0x00000000c4800000, 0x00000000c4800000|100%| E|CS|TAMS 0x00000000c4700000, 0x00000000c4700000| Complete 

Card table byte_map: [0x000001ca7b610000,0x000001ca7b810000] _byte_map_base: 0x000001ca7b00c000

Marking Bits (Prev, Next): (CMBitMap*) 0x000001ca638a5cb8, (CMBitMap*) 0x000001ca638a5cf0
 Prev Bits: [0x000001ca7ba10000, 0x000001ca7c9f0000)
 Next Bits: [0x000001ca7c9f0000, 0x000001ca7d9d0000)

Polling page: 0x000001ca6bfe0000

Metaspace:

Usage:
  Non-class:      5.79 MB capacity,     5.66 MB ( 98%) used,   118.91 KB (  2%) free+waste,    22.88 KB ( <1%) overhead. 
      Class:    711.00 KB capacity,   595.27 KB ( 84%) used,   103.48 KB ( 15%) free+waste,    12.25 KB (  2%) overhead. 
       Both:      6.49 MB capacity,     6.24 MB ( 96%) used,   222.39 KB (  3%) free+waste,    35.13 KB ( <1%) overhead. 

Virtual space:
  Non-class space:        8.00 MB reserved,       6.00 MB ( 75%) committed 
      Class space:        1.00 GB reserved,     768.00 KB ( <1%) committed 
             Both:        1.01 GB reserved,       6.75 MB ( <1%) committed 

Chunk freelists:
   Non-Class:  0 bytes
       Class:  0 bytes
        Both:  0 bytes

MaxMetaspaceSize: 17179869184.00 GB
CompressedClassSpaceSize: 1.00 GB
Initial GC threshold: 20.80 MB
Current GC threshold: 20.80 MB
CDS: off

CodeHeap 'non-profiled nmethods': size=120064Kb used=122Kb max_used=122Kb free=119941Kb
 bounds [0x000001ca73ac0000, 0x000001ca73d30000, 0x000001ca7b000000]
CodeHeap 'profiled nmethods': size=120000Kb used=620Kb max_used=620Kb free=119379Kb
 bounds [0x000001ca6c590000, 0x000001ca6c800000, 0x000001ca73ac0000]
CodeHeap 'non-nmethods': size=5696Kb used=1193Kb max_used=1193Kb free=4502Kb
 bounds [0x000001ca6c000000, 0x000001ca6c270000, 0x000001ca6c590000]
 total_blobs=769 nmethods=402 adapters=289
 compilation: enabled
              stopped_count=0, restarted_count=0
 full_count=0

Compilation events (20 events):
Event: 3.786 Thread 0x000001ca7fddd800  363       4       java.lang.String::equals (65 bytes)
Event: 3.788 Thread 0x000001ca7fddd800 nmethod 363 0x000001ca73ad8410 code [0x000001ca73ad85a0, 0x000001ca73ad8718]
Event: 3.789 Thread 0x000001ca7fddd800  364       4       java.lang.StringLatin1::indexOf (61 bytes)
Event: 3.793 Thread 0x000001ca7fddd800 nmethod 364 0x000001ca73ad8810 code [0x000001ca73ad89a0, 0x000001ca73ad8b38]
Event: 3.794 Thread 0x000001ca00830000  365       3       java.lang.AbstractStringBuilder::append (33 bytes)
Event: 3.794 Thread 0x000001ca00830000 nmethod 365 0x000001ca6c627a90 code [0x000001ca6c627c60, 0x000001ca6c627e48]
Event: 3.795 Thread 0x000001ca00830000  366   !   3       java.util.ImmutableCollections$ListItr::next (34 bytes)
Event: 3.795 Thread 0x000001ca00830000 nmethod 366 0x000001ca6c627f90 code [0x000001ca6c628160, 0x000001ca6c6283f8]
Event: 3.797 Thread 0x000001ca00830000  368       3       jdk.internal.org.objectweb.asm.Frame::pop (53 bytes)
Event: 3.799 Thread 0x000001ca00830000 nmethod 368 0x000001ca6c628590 code [0x000001ca6c6287e0, 0x000001ca6c628f38]
Event: 3.799 Thread 0x000001ca00830000  369       3       jdk.internal.org.objectweb.asm.MethodWriter::visitMethodInsn (228 bytes)
Event: 3.800 Thread 0x000001ca00830000 nmethod 369 0x000001ca6c629290 code [0x000001ca6c6294c0, 0x000001ca6c629b08]
Event: 3.802 Thread 0x000001ca7fddd800  370       4       java.lang.invoke.MemberName::getReferenceKind (12 bytes)
Event: 3.803 Thread 0x000001ca7fddd800 nmethod 370 0x000001ca73ad8f90 code [0x000001ca73ad9120, 0x000001ca73ad9198]
Event: 3.803 Thread 0x000001ca00830000  371       3       java.lang.invoke.LambdaFormBuffer::changeName (149 bytes)
Event: 3.804 Thread 0x000001ca00830000 nmethod 371 0x000001ca6c629e90 code [0x000001ca6c62a080, 0x000001ca6c62a5a8]
Event: 3.896 Thread 0x000001ca00830000  375       3       jdk.internal.org.objectweb.asm.ByteVector::<init> (13 bytes)
Event: 3.897 Thread 0x000001ca00830000 nmethod 375 0x000001ca6c62a790 code [0x000001ca6c62a940, 0x000001ca6c62ab98]
Event: 3.897 Thread 0x000001ca00830000  376       3       jdk.internal.org.objectweb.asm.ByteVector::putByteArray (49 bytes)
Event: 3.897 Thread 0x000001ca00830000 nmethod 376 0x000001ca6c62ac90 code [0x000001ca6c62ae60, 0x000001ca6c62b118]

GC Heap History (0 events):
No events

Deoptimization events (4 events):
Event: 1.160 Thread 0x000001ca63876000 Uncommon trap: trap_request=0xffffff4d fr.pc=0x000001ca73ac3d38 relative=0x0000000000000198
Event: 1.160 Thread 0x000001ca63876000 Uncommon trap: reason=unstable_if action=reinterpret pc=0x000001ca73ac3d38 method=java.lang.String.hashCode()I @ 14 c2
Event: 1.160 Thread 0x000001ca63876000 DEOPT PACKING pc=0x000001ca73ac3d38 sp=0x00000051d93fd550
Event: 1.160 Thread 0x000001ca63876000 DEOPT UNPACKING pc=0x000001ca6c04a1a9 sp=0x00000051d93fd4f8 mode 2

Classes redefined (4 events):
Event: 224.662 Thread 0x000001ca7fd53000 redefined class name=manager.InMemoryHistoryManager$Node, count=1
Event: 224.664 Thread 0x000001ca7fd53000 redefined class name=manager.InMemoryHistoryManager, count=1
Event: 385.673 Thread 0x000001ca7fd53000 redefined class name=manager.InMemoryHistoryManager$Node, count=2
Event: 385.674 Thread 0x000001ca7fd53000 redefined class name=manager.InMemoryHistoryManager, count=2

Internal exceptions (16 events):
Event: 3.652 Thread 0x000001ca63876000 Exception <a 'java/lang/NoSuchMethodError'{0x00000000c46add98}: 'java.lang.Object java.lang.invoke.DirectMethodHandle$Holder.invokeStatic(java.lang.Object, java.lang.Object, java.lang.Object, java.lang.Object, java.lang.Object, java.lang.Object, java.lang.Object, java.lang.Object, java.lang.Object, java.lang.Object, java.lang.Object, java.lang.Object, java.lang.Object, java.lang.Object, java.lang.Object)'> (0x00000000c46add98) thrown at [./src/hotspot/share/interpreter/linkResolver.cpp, line 773]
Event: 3.663 Thread 0x000001ca63876000 Exception <a 'java/lang/NoSuchMethodError'{0x00000000c46bc730}: 'java.lang.Object java.lang.invoke.DirectMethodHandle$Holder.invokeStatic(java.lang.Object, java.lang.Object, java.lang.Object, java.lang.Object, java.lang.Object, java.lang.Object, java.lang.Object, java.lang.Object, java.lang.Object, java.lang.Object, java.lang.Object, java.lang.Object, java.lang.Object, java.lang.Object, java.lang.Object, java.lang.Object)'> (0x00000000c46bc730) thrown at [./src/hotspot/share/interpreter/linkResolver.cpp, l
Event: 3.669 Thread 0x000001ca63876000 Exception <a 'java/lang/NoSuchMethodError'{0x00000000c46ca658}: 'java.lang.Object java.lang.invoke.DirectMethodHandle$Holder.invokeSpecial(java.lang.Object, java.lang.Object, int, int, java.lang.Object, java.lang.Object, int, java.lang.Object)'> (0x00000000c46ca658) thrown at [./src/hotspot/share/interpreter/linkResolver.cpp, line 773]
Event: 3.670 Thread 0x000001ca63876000 Exception <a 'java/lang/NoSuchMethodError'{0x00000000c46cdc98}: 'java.lang.Object java.lang.invoke.DelegatingMethodHandle$Holder.reinvoke_L(java.lang.Object, int, int, java.lang.Object, java.lang.Object, int, java.lang.Object)'> (0x00000000c46cdc98) thrown at [./src/hotspot/share/interpreter/linkResolver.cpp, line 773]
Event: 3.896 Thread 0x000001ca63876000 Exception <a 'java/lang/NoSuchMethodError'{0x00000000c4554948}: 'java.lang.Object java.lang.invoke.Invokers$Holder.linkToTargetMethod(java.lang.Object, java.lang.Object, int, java.lang.Object, java.lang.Object)'> (0x00000000c4554948) thrown at [./src/hotspot/share/interpreter/linkResolver.cpp, line 773]
Event: 19.612 Thread 0x000001ca63876000 Exception <a 'java/lang/NoSuchMethodError'{0x00000000c45bd988}: 'java.lang.Object java.lang.invoke.DirectMethodHandle$Holder.invokeSpecial(java.lang.Object, java.lang.Object, int, int, java.lang.Object, java.lang.Object, java.lang.Object)'> (0x00000000c45bd988) thrown at [./src/hotspot/share/interpreter/linkResolver.cpp, line 773]
Event: 19.616 Thread 0x000001ca63876000 Exception <a 'java/lang/NoSuchMethodError'{0x00000000c45c0f18}: 'java.lang.Object java.lang.invoke.DelegatingMethodHandle$Holder.reinvoke_L(java.lang.Object, int, int, java.lang.Object, java.lang.Object, java.lang.Object)'> (0x00000000c45c0f18) thrown at [./src/hotspot/share/interpreter/linkResolver.cpp, line 773]
Event: 19.640 Thread 0x000001ca63876000 Exception <a 'java/lang/NoSuchMethodError'{0x00000000c45cee88}: 'java.lang.Object java.lang.invoke.DirectMethodHandle$Holder.invokeStatic(java.lang.Object, java.lang.Object, java.lang.Object, java.lang.Object, java.lang.Object, java.lang.Object, int)'> (0x00000000c45cee88) thrown at [./src/hotspot/share/interpreter/linkResolver.cpp, line 773]
Event: 45.638 Thread 0x000001ca63876000 Exception <a 'java/lang/NoSuchMethodError'{0x00000000c44b0228}: 'java.lang.Object java.lang.invoke.DirectMethodHandle$Holder.invokeSpecial(java.lang.Object, java.lang.Object, int, int, java.lang.Object, java.lang.Object, java.lang.Object, int, java.lang.Object)'> (0x00000000c44b0228) thrown at [./src/hotspot/share/interpreter/linkResolver.cpp, line 773]
Event: 45.642 Thread 0x000001ca63876000 Exception <a 'java/lang/NoSuchMethodError'{0x00000000c44b39e0}: 'java.lang.Object java.lang.invoke.DelegatingMethodHandle$Holder.reinvoke_L(java.lang.Object, int, int, java.lang.Object, java.lang.Object, java.lang.Object, int, java.lang.Object)'> (0x00000000c44b39e0) thrown at [./src/hotspot/share/interpreter/linkResolver.cpp, line 773]
Event: 46.061 Thread 0x000001ca63876000 Exception <a 'java/lang/NoSuchMethodError'{0x00000000c4337be8}: 'java.lang.Object java.lang.invoke.DirectMethodHandle$Holder.invokeSpecial(java.lang.Object, java.lang.Object, java.lang.Object, java.lang.Object, java.lang.Object, int, java.lang.Object)'> (0x00000000c4337be8) thrown at [./src/hotspot/share/interpreter/linkResolver.cpp, line 773]
Event: 46.066 Thread 0x000001ca63876000 Exception <a 'java/lang/NoSuchMethodError'{0x00000000c433b498}: 'java.lang.Object java.lang.invoke.DelegatingMethodHandle$Holder.reinvoke_L(java.lang.Object, java.lang.Object, java.lang.Object, java.lang.Object, int, java.lang.Object)'> (0x00000000c433b498) thrown at [./src/hotspot/share/interpreter/linkResolver.cpp, line 773]
Event: 46.113 Thread 0x000001ca63876000 Exception <a 'java/lang/NoSuchMethodError'{0x00000000c434d3f8}: 'java.lang.Object java.lang.invoke.Invokers$Holder.linkToTargetMethod(java.lang.Object, java.lang.Object, java.lang.Object, int, java.lang.Object, java.lang.Object)'> (0x00000000c434d3f8) thrown at [./src/hotspot/share/interpreter/linkResolver.cpp, line 773]
Event: 46.514 Thread 0x000001ca63876000 Exception <a 'java/lang/NoSuchMethodError'{0x00000000c43bf6d0}: 'java.lang.Object java.lang.invoke.DirectMethodHandle$Holder.invokeSpecial(java.lang.Object, java.lang.Object, int, int, int, java.lang.Object, java.lang.Object, int, java.lang.Object)'> (0x00000000c43bf6d0) thrown at [./src/hotspot/share/interpreter/linkResolver.cpp, line 773]
Event: 46.518 Thread 0x000001ca63876000 Exception <a 'java/lang/NoSuchMethodError'{0x00000000c43c2d88}: 'java.lang.Object java.lang.invoke.DelegatingMethodHandle$Holder.reinvoke_L(java.lang.Object, int, int, int, java.lang.Object, java.lang.Object, int, java.lang.Object)'> (0x00000000c43c2d88) thrown at [./src/hotspot/share/interpreter/linkResolver.cpp, line 773]
Event: 46.637 Thread 0x000001ca63876000 Exception <a 'java/lang/NoSuchMethodError'{0x00000000c42185a8}: 'java.lang.Object java.lang.invoke.DelegatingMethodHandle$Holder.reinvoke_L(java.lang.Object, int, java.lang.Object, java.lang.Object, int, java.lang.Object)'> (0x00000000c42185a8) thrown at [./src/hotspot/share/interpreter/linkResolver.cpp, line 773]

Events (20 events):
Event: 941.720 Executing VM operation: GetFrameCount
Event: 941.720 Executing VM operation: GetFrameCount done
Event: 941.721 Executing VM operation: GetFrameCount
Event: 941.721 Executing VM operation: GetFrameCount done
Event: 941.721 Executing VM operation: GetStackTrace
Event: 941.721 Executing VM operation: GetStackTrace done
Event: 1043.243 Executing VM operation: ChangeBreakpoints
Event: 1043.243 Executing VM operation: ChangeBreakpoints done
Event: 1045.358 Executing VM operation: ChangeBreakpoints
Event: 1045.358 Executing VM operation: ChangeBreakpoints done
Event: 1058.929 Executing VM operation: GetFrameCount
Event: 1058.929 Executing VM operation: GetFrameCount done
Event: 1058.930 Executing VM operation: GetFrameCount
Event: 1058.930 Executing VM operation: GetFrameCount done
Event: 1058.930 Executing VM operation: GetStackTrace
Event: 1058.930 Executing VM operation: GetStackTrace done
Event: 1066.084 Thread 0x000001ca0094a800 Thread exited: 0x000001ca0094a800
Event: 1066.137 Executing VM operation: ChangeBreakpoints
Event: 1066.137 Executing VM operation: ChangeBreakpoints done
Event: 1066.170 Thread 0x000001ca00942800 Thread exited: 0x000001ca00942800


Dynamic libraries:
0x00007ff738b70000 - 0x00007ff738b7d000 	C:\Program Files\Amazon Corretto\jdk11.0.15_9\bin\java.exe
0x00007ff828250000 - 0x00007ff828448000 	C:\Windows\SYSTEM32\ntdll.dll
0x00007ff827550000 - 0x00007ff82760d000 	C:\Windows\System32\KERNEL32.DLL
0x00007ff825d90000 - 0x00007ff82605e000 	C:\Windows\System32\KERNELBASE.dll
0x00007ff825a80000 - 0x00007ff825b80000 	C:\Windows\System32\ucrtbase.dll
0x00007ff821640000 - 0x00007ff821657000 	C:\Program Files\Amazon Corretto\jdk11.0.15_9\bin\jli.dll
0x00007ff827610000 - 0x00007ff8277b0000 	C:\Windows\System32\USER32.dll
0x00007ff825d60000 - 0x00007ff825d82000 	C:\Windows\System32\win32u.dll
0x00007ff826bc0000 - 0x00007ff826bea000 	C:\Windows\System32\GDI32.dll
0x00007ff825970000 - 0x00007ff825a7b000 	C:\Windows\System32\gdi32full.dll
0x00007ff826160000 - 0x00007ff8261fd000 	C:\Windows\System32\msvcp_win.dll
0x00007ff8216f0000 - 0x00007ff821709000 	C:\Program Files\Amazon Corretto\jdk11.0.15_9\bin\VCRUNTIME140.dll
0x00007ff811510000 - 0x00007ff8117aa000 	C:\Windows\WinSxS\amd64_microsoft.windows.common-controls_6595b64144ccf1df_6.0.19041.1110_none_60b5254171f9507e\COMCTL32.dll
0x00007ff826d60000 - 0x00007ff826dfe000 	C:\Windows\System32\msvcrt.dll
0x00007ff827cc0000 - 0x00007ff827cf0000 	C:\Windows\System32\IMM32.DLL
0x00007ff81cfe0000 - 0x00007ff81d07b000 	C:\Program Files\Amazon Corretto\jdk11.0.15_9\bin\msvcp140.dll
0x00007fffdc0d0000 - 0x00007fffdcc53000 	C:\Program Files\Amazon Corretto\jdk11.0.15_9\bin\server\jvm.dll
0x00007ff826aa0000 - 0x00007ff826b4e000 	C:\Windows\System32\ADVAPI32.dll
0x00007ff8262b0000 - 0x00007ff82634c000 	C:\Windows\System32\sechost.dll
0x00007ff8272a0000 - 0x00007ff8273c5000 	C:\Windows\System32\RPCRT4.dll
0x00007ff826ce0000 - 0x00007ff826ce8000 	C:\Windows\System32\PSAPI.DLL
0x00007ff81fd90000 - 0x00007ff81fd99000 	C:\Windows\SYSTEM32\WSOCK32.dll
0x00007ff826cf0000 - 0x00007ff826d5b000 	C:\Windows\System32\WS2_32.dll
0x00007ff81f230000 - 0x00007ff81f257000 	C:\Windows\SYSTEM32\WINMM.dll
0x00007ff81a9c0000 - 0x00007ff81a9ca000 	C:\Windows\SYSTEM32\VERSION.dll
0x00007ff823870000 - 0x00007ff823882000 	C:\Windows\SYSTEM32\kernel.appcore.dll
0x00007ff821790000 - 0x00007ff8217a0000 	C:\Program Files\Amazon Corretto\jdk11.0.15_9\bin\verify.dll
0x00007ff81da20000 - 0x00007ff81dc04000 	C:\Windows\SYSTEM32\DBGHELP.DLL
0x00007ff81d9b0000 - 0x00007ff81d9dc000 	C:\Windows\SYSTEM32\dbgcore.DLL
0x00007ff826060000 - 0x00007ff8260e2000 	C:\Windows\System32\bcryptPrimitives.dll
0x00007ff820150000 - 0x00007ff820178000 	C:\Program Files\Amazon Corretto\jdk11.0.15_9\bin\java.dll
0x00007ff8216e0000 - 0x00007ff8216ea000 	C:\Program Files\Amazon Corretto\jdk11.0.15_9\bin\jimage.dll
0x00007ff81cd80000 - 0x00007ff81cdb8000 	C:\Program Files\Amazon Corretto\jdk11.0.15_9\bin\jdwp.dll
0x00007ff821620000 - 0x00007ff821638000 	C:\Program Files\Amazon Corretto\jdk11.0.15_9\bin\zip.dll
0x00007ff826350000 - 0x00007ff826a94000 	C:\Windows\System32\SHELL32.dll
0x00007ff823a70000 - 0x00007ff824204000 	C:\Windows\SYSTEM32\windows.storage.dll
0x00007ff826f40000 - 0x00007ff827294000 	C:\Windows\System32\combase.dll
0x00007ff8253d0000 - 0x00007ff825400000 	C:\Windows\SYSTEM32\Wldp.dll
0x00007ff827cf0000 - 0x00007ff827d9d000 	C:\Windows\System32\SHCORE.dll
0x00007ff8274f0000 - 0x00007ff827545000 	C:\Windows\System32\shlwapi.dll
0x00007ff8258b0000 - 0x00007ff8258cf000 	C:\Windows\SYSTEM32\profapi.dll
0x00007ff820140000 - 0x00007ff82014a000 	C:\Program Files\Amazon Corretto\jdk11.0.15_9\bin\dt_socket.dll
0x00007ff825130000 - 0x00007ff82519a000 	C:\Windows\system32\mswsock.dll
0x00007ff81ffd0000 - 0x00007ff81ffe9000 	C:\Program Files\Amazon Corretto\jdk11.0.15_9\bin\net.dll
0x00007ff820c70000 - 0x00007ff820d7a000 	C:\Windows\SYSTEM32\WINHTTP.dll
0x00007ff81ff70000 - 0x00007ff81ff83000 	C:\Program Files\Amazon Corretto\jdk11.0.15_9\bin\nio.dll

dbghelp: loaded successfully - version: 4.0.5 - missing functions: none
symbol engine: initialized successfully - sym options: 0x614 - pdb path: .;C:\Program Files\Amazon Corretto\jdk11.0.15_9\bin;C:\Windows\SYSTEM32;C:\Windows\WinSxS\amd64_microsoft.windows.common-controls_6595b64144ccf1df_6.0.19041.1110_none_60b5254171f9507e;C:\Program Files\Amazon Corretto\jdk11.0.15_9\bin\server

VM Arguments:
jvm_args: -agentlib:jdwp=transport=dt_socket,address=127.0.0.1:50363,suspend=y,server=n -Dfile.encoding=UTF-8 
java_command: Main
java_class_path (initial): C:\Users\Vlad1990\IdeaProjects\TaskService\out\production\TaskService;C:\Program Files\JetBrains\IntelliJ IDEA Community Edition 2021.3.3\lib\idea_rt.jar
Launcher Type: SUN_STANDARD

[Global flags]
     intx CICompilerCount                          = 2                                         {product} {ergonomic}
     uint ConcGCThreads                            = 1                                         {product} {ergonomic}
     uint G1ConcRefinementThreads                  = 2                                         {product} {ergonomic}
   size_t G1HeapRegionSize                         = 1048576                                   {product} {ergonomic}
    uintx GCDrainStackTargetSize                   = 64                                        {product} {ergonomic}
   size_t InitialHeapSize                          = 67108864                                  {product} {ergonomic}
   size_t MarkStackSize                            = 4194304                                   {product} {ergonomic}
   size_t MaxHeapSize                              = 1065353216                                {product} {ergonomic}
   size_t MaxNewSize                               = 638582784                                 {product} {ergonomic}
   size_t MinHeapDeltaBytes                        = 1048576                                   {product} {ergonomic}
    uintx NonNMethodCodeHeapSize                   = 5825164                                {pd product} {ergonomic}
    uintx NonProfiledCodeHeapSize                  = 122916538                              {pd product} {ergonomic}
    uintx ProfiledCodeHeapSize                     = 122916538                              {pd product} {ergonomic}
    uintx ReservedCodeCacheSize                    = 251658240                              {pd product} {ergonomic}
     bool SegmentedCodeCache                       = true                                      {product} {ergonomic}
     bool UseCompressedClassPointers               = true                                 {lp64_product} {ergonomic}
     bool UseCompressedOops                        = true                                 {lp64_product} {ergonomic}
     bool UseG1GC                                  = true                                      {product} {ergonomic}
     bool UseLargePagesIndividualAllocation        = false                                  {pd product} {ergonomic}

Logging:
Log output configuration:
 #0: stdout all=warning uptime,level,tags
 #1: stderr all=off uptime,level,tags

Environment Variables:
JAVA_HOME=C:\Program Files\Amazon Corretto\jdk11.0.15_9
PATH=C:\Program Files\Amazon Corretto\jdk11.0.15_9\bin;C:\Windows\system32;C:\Windows;C:\Windows\System32\Wbem;C:\Windows\System32\WindowsPowerShell\v1.0\;C:\Windows\System32\OpenSSH\;C:\Program Files\Git\cmd;C:\Users\Vlad1990\AppData\Local\Microsoft\WindowsApps;;C:\Program Files\JetBrains\IntelliJ IDEA Community Edition 2021.3.3\bin;;C:\Users\Vlad1990\AppData\Local\Programs\Microsoft VS Code\bin
USERNAME=Vlad1990
OS=Windows_NT
PROCESSOR_IDENTIFIER=Intel64 Family 6 Model 23 Stepping 6, GenuineIntel



---------------  S Y S T E M  ---------------

OS: Windows 10 , 64 bit Build 19041 (10.0.19041.1889)
OS uptime: 0 days 22:07 hours

CPU:total 2 (initial active 2) (2 cores per cpu, 1 threads per core) family 6 model 23 stepping 6 microcode 0x610, cmov, cx8, fxsr, mmx, sse, sse2, sse3, ssse3, sse4.1, tsc

Memory: 4k page, system-wide physical 4061M (598M free)
TotalPageFile size 9693M (AvailPageFile size 4233M)
current process WorkingSet (physical memory assigned to process): 34M, peak: 36M
current process commit charge ("private bytes"): 126M, peak: 128M

vm_info: OpenJDK 64-Bit Server VM (11.0.15+9-LTS) for windows-amd64 JRE (11.0.15+9-LTS), built on Apr 15 2022 22:20:31 by "Administrator" with unknown MS VC++:1916

END.
